2015-11-10 15:26:56 10fc InnoDB: Warning: Using innodb_additional_mem_pool_size is DEPRECATED. This option may be removed in future releases, together with the option innodb_use_sys_malloc and with the InnoDB's internal memory allocator.
2015-11-10 15:26:56 4348 [Note] InnoDB: Using mutexes to ref count buffer pool pages
2015-11-10 15:26:56 4348 [Note] InnoDB: The InnoDB memory heap is disabled
2015-11-10 15:26:56 4348 [Note] InnoDB: Mutexes and rw_locks use Windows interlocked functions
2015-11-10 15:26:56 4348 [Note] InnoDB: Memory barrier is not used
2015-11-10 15:26:56 4348 [Note] InnoDB: Compressed tables use zlib 1.2.3
2015-11-10 15:26:56 4348 [Note] InnoDB: Not using CPU crc32 instructions
2015-11-10 15:26:56 4348 [Note] InnoDB: Initializing buffer pool, size = 16.0M
2015-11-10 15:26:56 4348 [Note] InnoDB: Completed initialization of buffer pool
2015-11-10 15:26:56 4348 [Note] InnoDB: Highest supported file format is Barracuda.
2015-11-10 15:26:57 4348 [Note] InnoDB: 128 rollback segment(s) are active.
2015-11-10 15:26:57 4348 [Note] InnoDB: Waiting for purge to start
2015-11-10 15:26:57 4348 [Note] InnoDB:  Percona XtraDB (http://www.percona.com) 5.6.26-74.0 started; log sequence number 1835027
2015-11-10 15:26:57 6140 [Note] InnoDB: Dumping buffer pool(s) not yet started
2015-11-10 15:26:57 4348 [Note] Plugin 'FEEDBACK' is disabled.
2015-11-10 15:26:57 4348 [Note] Server socket created on IP: '::'.
2015-11-10 15:26:57 4348 [Note] Event Scheduler: Loaded 0 events
2015-11-10 15:26:57 4348 [Note] C:\xampp\mysql\bin\mysqld.exe: ready for connections.
Version: '10.1.8-MariaDB'  socket: ''  port: 3306  mariadb.org binary distribution
2015-11-10 15:27:11 5152 [Note] C:\xampp\mysql\bin\mysqld.exe: Normal shutdown

2015-11-10 15:27:11 5152 [Note] Event Scheduler: Purging the queue. 0 events
2015-11-10 15:27:11 5732 [Note] InnoDB: FTS optimize thread exiting.
2015-11-10 15:27:11 5152 [Note] InnoDB: Starting shutdown...
2015-11-10 15:27:13 5152 [Note] InnoDB: Shutdown completed; log sequence number 1835037
2015-11-10 15:27:13 5152 [Note] C:\xampp\mysql\bin\mysqld.exe: Shutdown complete

2018-06-23 14:15:30 6684 InnoDB: Warning: Using innodb_additional_mem_pool_size is DEPRECATED. This option may be removed in future releases, together with the option innodb_use_sys_malloc and with the InnoDB's internal memory allocator.
2018-06-23 14:15:30 26244 [Note] InnoDB: innodb_empty_free_list_algorithm has been changed to legacy because of small buffer pool size. In order to use backoff, increase buffer pool at least up to 20MB.

2018-06-23 14:15:30 26244 [Note] InnoDB: Using mutexes to ref count buffer pool pages
2018-06-23 14:15:30 26244 [Note] InnoDB: The InnoDB memory heap is disabled
2018-06-23 14:15:30 26244 [Note] InnoDB: Mutexes and rw_locks use Windows interlocked functions
2018-06-23 14:15:30 26244 [Note] InnoDB: _mm_lfence() and _mm_sfence() are used for memory barrier
2018-06-23 14:15:30 26244 [Note] InnoDB: Compressed tables use zlib 1.2.3
2018-06-23 14:15:30 26244 [Note] InnoDB: Using generic crc32 instructions
2018-06-23 14:15:30 26244 [Note] InnoDB: Initializing buffer pool, size = 16.0M
2018-06-23 14:15:30 26244 [Note] InnoDB: Completed initialization of buffer pool
2018-06-23 14:15:30 26244 [Note] InnoDB: Highest supported file format is Barracuda.
2018-06-23 14:15:30 26244 [Note] InnoDB: 128 rollback segment(s) are active.
2018-06-23 14:15:30 26244 [Note] InnoDB: Waiting for purge to start
2018-06-23 14:15:30 26244 [Note] InnoDB:  Percona XtraDB (http://www.percona.com) 5.6.39-83.1 started; log sequence number 1835037
2018-06-23 14:15:30 25504 [Note] InnoDB: Dumping buffer pool(s) not yet started
2018-06-23 14:15:30 26244 [Note] Plugin 'FEEDBACK' is disabled.
2018-06-23 14:15:30 26244 [Note] Server socket created on IP: '::'.
2018-06-23 14:15:30 26244 [Note] C:\xampp\mysql\bin\mysqld.exe: ready for connections.
Version: '10.1.33-MariaDB'  socket: ''  port: 3306  mariadb.org binary distribution
2018-06-23 14:22:15 26044 [Note] C:\xampp\mysql\bin\mysqld.exe: Normal shutdown
2018-06-23 14:22:15 26044 [Note] Event Scheduler: Purging the queue. 0 events
2018-06-23 14:22:15 27960 [Note] InnoDB: FTS optimize thread exiting.
2018-06-23 14:22:15 26044 [Note] InnoDB: Starting shutdown...
2018-06-23 14:22:15 26044 [Note] InnoDB: Waiting for page_cleaner to finish flushing of buffer pool
2018-06-23 14:22:16 26044 [Note] InnoDB: Shutdown completed; log sequence number 1835047
2018-06-23 14:22:16 26044 [Note] C:\xampp\mysql\bin\mysqld.exe: Shutdown complete

2018-06-23 14:48:11 5c3c InnoDB: Warning: Using innodb_additional_mem_pool_size is DEPRECATED. This option may be removed in future releases, together with the option innodb_use_sys_malloc and with the InnoDB's internal memory allocator.
2018-06-23 14:48:11 23612 [Note] InnoDB: innodb_empty_free_list_algorithm has been changed to legacy because of small buffer pool size. In order to use backoff, increase buffer pool at least up to 20MB.

2018-06-23 14:48:11 23612 [Note] InnoDB: Using mutexes to ref count buffer pool pages
2018-06-23 14:48:11 23612 [Note] InnoDB: The InnoDB memory heap is disabled
2018-06-23 14:48:11 23612 [Note] InnoDB: Mutexes and rw_locks use Windows interlocked functions
2018-06-23 14:48:11 23612 [Note] InnoDB: _mm_lfence() and _mm_sfence() are used for memory barrier
2018-06-23 14:48:11 23612 [Note] InnoDB: Compressed tables use zlib 1.2.3
2018-06-23 14:48:11 23612 [Note] InnoDB: Using generic crc32 instructions
2018-06-23 14:48:11 23612 [Note] InnoDB: Initializing buffer pool, size = 16.0M
2018-06-23 14:48:11 23612 [Note] InnoDB: Completed initialization of buffer pool
2018-06-23 14:48:11 23612 [Note] InnoDB: Highest supported file format is Barracuda.
2018-06-23 14:48:11 23612 [Note] InnoDB: 128 rollback segment(s) are active.
2018-06-23 14:48:11 23612 [Note] InnoDB: Waiting for purge to start
2018-06-23 14:48:11 23612 [Note] InnoDB:  Percona XtraDB (http://www.percona.com) 5.6.39-83.1 started; log sequence number 1835047
2018-06-23 14:48:11 30164 [Note] InnoDB: Dumping buffer pool(s) not yet started
2018-06-23 14:48:11 23612 [Note] Plugin 'FEEDBACK' is disabled.
2018-06-23 14:48:11 23612 [Note] Server socket created on IP: '::'.
2018-06-23 14:48:11 23612 [ERROR] Can't start server: Bind on TCP/IP port. Got error: 10048: Only one usage of each socket address (protocol/network address/port) is normally permitted.

2018-06-23 14:48:11 23612 [ERROR] Do you already have another mysqld server running on port: 3306 ?
2018-06-23 14:48:11 23612 [ERROR] Aborting

2018-06-23 14:48:49 66e0 InnoDB: Warning: Using innodb_additional_mem_pool_size is DEPRECATED. This option may be removed in future releases, together with the option innodb_use_sys_malloc and with the InnoDB's internal memory allocator.
2018-06-23 14:48:49 26336 [Note] InnoDB: innodb_empty_free_list_algorithm has been changed to legacy because of small buffer pool size. In order to use backoff, increase buffer pool at least up to 20MB.

2018-06-23 14:48:49 26336 [Note] InnoDB: Using mutexes to ref count buffer pool pages
2018-06-23 14:48:49 26336 [Note] InnoDB: The InnoDB memory heap is disabled
2018-06-23 14:48:49 26336 [Note] InnoDB: Mutexes and rw_locks use Windows interlocked functions
2018-06-23 14:48:49 26336 [Note] InnoDB: _mm_lfence() and _mm_sfence() are used for memory barrier
2018-06-23 14:48:49 26336 [Note] InnoDB: Compressed tables use zlib 1.2.3
2018-06-23 14:48:49 26336 [Note] InnoDB: Using generic crc32 instructions
2018-06-23 14:48:49 26336 [Note] InnoDB: Initializing buffer pool, size = 16.0M
2018-06-23 14:48:49 26336 [Note] InnoDB: Completed initialization of buffer pool
2018-06-23 14:48:49 26336 [Note] InnoDB: Highest supported file format is Barracuda.
2018-06-23 14:48:49 26336 [Note] InnoDB: 128 rollback segment(s) are active.
2018-06-23 14:48:49 26336 [Note] InnoDB: Waiting for purge to start
2018-06-23 14:48:49 26336 [Note] InnoDB:  Percona XtraDB (http://www.percona.com) 5.6.39-83.1 started; log sequence number 1835057
2018-06-23 14:48:49 27752 [Note] InnoDB: Dumping buffer pool(s) not yet started
2018-06-23 14:48:49 26336 [Note] Plugin 'FEEDBACK' is disabled.
2018-06-23 14:48:49 26336 [Note] Server socket created on IP: '::'.
2018-06-23 14:48:49 26336 [ERROR] Can't start server: Bind on TCP/IP port. Got error: 10048: Only one usage of each socket address (protocol/network address/port) is normally permitted.

2018-06-23 14:48:49 26336 [ERROR] Do you already have another mysqld server running on port: 3306 ?
2018-06-23 14:48:49 26336 [ERROR] Aborting

2018-06-23 14:50:33 7480 InnoDB: Warning: Using innodb_additional_mem_pool_size is DEPRECATED. This option may be removed in future releases, together with the option innodb_use_sys_malloc and with the InnoDB's internal memory allocator.
2018-06-23 14:50:33 29824 [Note] InnoDB: innodb_empty_free_list_algorithm has been changed to legacy because of small buffer pool size. In order to use backoff, increase buffer pool at least up to 20MB.

2018-06-23 14:50:33 29824 [Note] InnoDB: Using mutexes to ref count buffer pool pages
2018-06-23 14:50:33 29824 [Note] InnoDB: The InnoDB memory heap is disabled
2018-06-23 14:50:33 29824 [Note] InnoDB: Mutexes and rw_locks use Windows interlocked functions
2018-06-23 14:50:33 29824 [Note] InnoDB: _mm_lfence() and _mm_sfence() are used for memory barrier
2018-06-23 14:50:33 29824 [Note] InnoDB: Compressed tables use zlib 1.2.3
2018-06-23 14:50:33 29824 [Note] InnoDB: Using generic crc32 instructions
2018-06-23 14:50:33 29824 [Note] InnoDB: Initializing buffer pool, size = 16.0M
2018-06-23 14:50:33 29824 [Note] InnoDB: Completed initialization of buffer pool
2018-06-23 14:50:33 29824 [Note] InnoDB: Highest supported file format is Barracuda.
2018-06-23 14:50:33 29824 [Note] InnoDB: 128 rollback segment(s) are active.
2018-06-23 14:50:33 29824 [Note] InnoDB: Waiting for purge to start
2018-06-23 14:50:33 29824 [Note] InnoDB:  Percona XtraDB (http://www.percona.com) 5.6.39-83.1 started; log sequence number 1835067
2018-06-23 14:50:33 30344 [Note] InnoDB: Dumping buffer pool(s) not yet started
2018-06-23 14:50:33 29824 [Note] Plugin 'FEEDBACK' is disabled.
2018-06-23 14:50:33 29824 [Note] Server socket created on IP: '::'.
2018-06-23 14:50:33 29824 [ERROR] Can't start server: Bind on TCP/IP port. Got error: 10048: Only one usage of each socket address (protocol/network address/port) is normally permitted.

2018-06-23 14:50:33 29824 [ERROR] Do you already have another mysqld server running on port: 3306 ?
2018-06-23 14:50:33 29824 [ERROR] Aborting

2018-06-23 15:17:45 7060 InnoDB: Warning: Using innodb_additional_mem_pool_size is DEPRECATED. This option may be removed in future releases, together with the option innodb_use_sys_malloc and with the InnoDB's internal memory allocator.
2018-06-23 15:17:45 28768 [Note] InnoDB: innodb_empty_free_list_algorithm has been changed to legacy because of small buffer pool size. In order to use backoff, increase buffer pool at least up to 20MB.

2018-06-23 15:17:45 28768 [Note] InnoDB: Using mutexes to ref count buffer pool pages
2018-06-23 15:17:45 28768 [Note] InnoDB: The InnoDB memory heap is disabled
2018-06-23 15:17:45 28768 [Note] InnoDB: Mutexes and rw_locks use Windows interlocked functions
2018-06-23 15:17:45 28768 [Note] InnoDB: _mm_lfence() and _mm_sfence() are used for memory barrier
2018-06-23 15:17:45 28768 [Note] InnoDB: Compressed tables use zlib 1.2.3
2018-06-23 15:17:45 28768 [Note] InnoDB: Using generic crc32 instructions
2018-06-23 15:17:45 28768 [Note] InnoDB: Initializing buffer pool, size = 16.0M
2018-06-23 15:17:45 28768 [Note] InnoDB: Completed initialization of buffer pool
2018-06-23 15:17:45 28768 [Note] InnoDB: Highest supported file format is Barracuda.
2018-06-23 15:17:45 28768 [Note] InnoDB: 128 rollback segment(s) are active.
2018-06-23 15:17:45 28768 [Note] InnoDB: Waiting for purge to start
2018-06-23 15:17:45 28768 [Note] InnoDB:  Percona XtraDB (http://www.percona.com) 5.6.39-83.1 started; log sequence number 1835077
2018-06-23 15:17:45 30184 [Note] InnoDB: Dumping buffer pool(s) not yet started
2018-06-23 15:17:45 28768 [Note] Plugin 'FEEDBACK' is disabled.
2018-06-23 15:17:45 28768 [Note] Server socket created on IP: '::'.
2018-06-23 15:17:45 28768 [Note] c:\xampp\mysql\bin\mysqld.exe: ready for connections.
Version: '10.1.33-MariaDB'  socket: ''  port: 3306  mariadb.org binary distribution
2018-06-23 15:18:03 29368 [Warning] InnoDB: Cannot open table damfridge/itemlist from the internal data dictionary of InnoDB though the .frm file for the table exists. See http://dev.mysql.com/doc/refman/5.6/en/innodb-troubleshooting.html for how you can resolve the problem.
2018-06-23 15:18:03 29368 [Warning] InnoDB: Cannot open table damfridge/logtable from the internal data dictionary of InnoDB though the .frm file for the table exists. See http://dev.mysql.com/doc/refman/5.6/en/innodb-troubleshooting.html for how you can resolve the problem.
2018-06-23 15:18:03 29368 [Warning] InnoDB: Cannot open table damfridge/users from the internal data dictionary of InnoDB though the .frm file for the table exists. See http://dev.mysql.com/doc/refman/5.6/en/innodb-troubleshooting.html for how you can resolve the problem.
2018-06-23 15:18:05 29368 [Warning] InnoDB: Cannot open table damfridge/itemlist from the internal data dictionary of InnoDB though the .frm file for the table exists. See http://dev.mysql.com/doc/refman/5.6/en/innodb-troubleshooting.html for how you can resolve the problem.
2018-06-23 15:18:05 29368 [Warning] InnoDB: Cannot open table damfridge/itemlist from the internal data dictionary of InnoDB though the .frm file for the table exists. See http://dev.mysql.com/doc/refman/5.6/en/innodb-troubleshooting.html for how you can resolve the problem.
2018-06-23 15:18:11 29368 [Warning] InnoDB: Cannot open table damfridge/logtable from the internal data dictionary of InnoDB though the .frm file for the table exists. See http://dev.mysql.com/doc/refman/5.6/en/innodb-troubleshooting.html for how you can resolve the problem.
2018-06-23 15:18:11 29368 [Warning] InnoDB: Cannot open table damfridge/logtable from the internal data dictionary of InnoDB though the .frm file for the table exists. See http://dev.mysql.com/doc/refman/5.6/en/innodb-troubleshooting.html for how you can resolve the problem.
2018-06-23 15:18:15 29368 [Warning] InnoDB: Cannot open table damfridge/itemlist from the internal data dictionary of InnoDB though the .frm file for the table exists. See http://dev.mysql.com/doc/refman/5.6/en/innodb-troubleshooting.html for how you can resolve the problem.
2018-06-23 15:18:15 29368 [Warning] InnoDB: Cannot open table damfridge/itemlist from the internal data dictionary of InnoDB though the .frm file for the table exists. See http://dev.mysql.com/doc/refman/5.6/en/innodb-troubleshooting.html for how you can resolve the problem.
2018-06-23 15:18:43 26776 [Warning] InnoDB: Cannot open table damfridge/itemlist from the internal data dictionary of InnoDB though the .frm file for the table exists. See http://dev.mysql.com/doc/refman/5.6/en/innodb-troubleshooting.html for how you can resolve the problem.
2018-06-23 15:18:43 26776 [Warning] InnoDB: Cannot open table damfridge/logtable from the internal data dictionary of InnoDB though the .frm file for the table exists. See http://dev.mysql.com/doc/refman/5.6/en/innodb-troubleshooting.html for how you can resolve the problem.
2018-06-23 15:18:43 26776 [Warning] InnoDB: Cannot open table damfridge/users from the internal data dictionary of InnoDB though the .frm file for the table exists. See http://dev.mysql.com/doc/refman/5.6/en/innodb-troubleshooting.html for how you can resolve the problem.
2018-06-23 15:18:44 26776 [Warning] InnoDB: Cannot open table damfridge/itemlist from the internal data dictionary of InnoDB though the .frm file for the table exists. See http://dev.mysql.com/doc/refman/5.6/en/innodb-troubleshooting.html for how you can resolve the problem.
2018-06-23 15:18:44 26776 [Warning] InnoDB: Cannot open table damfridge/itemlist from the internal data dictionary of InnoDB though the .frm file for the table exists. See http://dev.mysql.com/doc/refman/5.6/en/innodb-troubleshooting.html for how you can resolve the problem.
2018-06-23 15:18:48 26776 [ERROR] Incorrect definition of table mysql.column_stats: expected column 'min_value' at position 3 to have type varbinary(255), found type varchar(255).
2018-06-23 15:18:48 26776 [ERROR] Incorrect definition of table mysql.column_stats: expected column 'max_value' at position 4 to have type varbinary(255), found type varchar(255).
2018-06-23 15:18:48 26776 [ERROR] Incorrect definition of table mysql.column_stats: expected column 'min_value' at position 3 to have type varbinary(255), found type varchar(255).
2018-06-23 15:18:48 26776 [ERROR] Incorrect definition of table mysql.column_stats: expected column 'max_value' at position 4 to have type varbinary(255), found type varchar(255).
2018-06-23 15:18:48 26776 [ERROR] Incorrect definition of table mysql.column_stats: expected column 'min_value' at position 3 to have type varbinary(255), found type varchar(255).
2018-06-23 15:18:48 26776 [ERROR] Incorrect definition of table mysql.column_stats: expected column 'max_value' at position 4 to have type varbinary(255), found type varchar(255).
2018-06-23 15:18:48 6898  InnoDB: Error: table `damfridge`.`itemlist` does not exist in the InnoDB internal
InnoDB: data dictionary though MySQL is trying to drop it.
InnoDB: Have you copied the .frm file of the table to the
InnoDB: MySQL database directory from another database?
InnoDB: You can look for further help from
InnoDB: http://dev.mysql.com/doc/refman/5.6/en/innodb-troubleshooting.html
2018-06-23 15:18:48 6898  InnoDB: Error: table `damfridge`.`logtable` does not exist in the InnoDB internal
InnoDB: data dictionary though MySQL is trying to drop it.
InnoDB: Have you copied the .frm file of the table to the
InnoDB: MySQL database directory from another database?
InnoDB: You can look for further help from
InnoDB: http://dev.mysql.com/doc/refman/5.6/en/innodb-troubleshooting.html
2018-06-23 15:18:48 6898  InnoDB: Error: table `damfridge`.`users` does not exist in the InnoDB internal
InnoDB: data dictionary though MySQL is trying to drop it.
InnoDB: Have you copied the .frm file of the table to the
InnoDB: MySQL database directory from another database?
InnoDB: You can look for further help from
InnoDB: http://dev.mysql.com/doc/refman/5.6/en/innodb-troubleshooting.html
2018-06-23 15:22:46 7670 InnoDB: Warning: Using innodb_additional_mem_pool_size is DEPRECATED. This option may be removed in future releases, together with the option innodb_use_sys_malloc and with the InnoDB's internal memory allocator.
2018-06-23 15:22:46 30320 [Note] InnoDB: innodb_empty_free_list_algorithm has been changed to legacy because of small buffer pool size. In order to use backoff, increase buffer pool at least up to 20MB.

2018-06-23 15:22:46 30320 [Note] InnoDB: Using mutexes to ref count buffer pool pages
2018-06-23 15:22:46 30320 [Note] InnoDB: The InnoDB memory heap is disabled
2018-06-23 15:22:46 30320 [Note] InnoDB: Mutexes and rw_locks use Windows interlocked functions
2018-06-23 15:22:46 30320 [Note] InnoDB: _mm_lfence() and _mm_sfence() are used for memory barrier
2018-06-23 15:22:46 30320 [Note] InnoDB: Compressed tables use zlib 1.2.3
2018-06-23 15:22:46 30320 [Note] InnoDB: Using generic crc32 instructions
2018-06-23 15:22:46 30320 [Note] InnoDB: Initializing buffer pool, size = 16.0M
2018-06-23 15:22:46 30320 [Note] InnoDB: Completed initialization of buffer pool
2018-06-23 15:22:46 30320 [Note] InnoDB: Highest supported file format is Barracuda.
2018-06-23 15:22:46 30320 [Note] InnoDB: The log sequence number 1835077 in ibdata file do not match the log sequence number 1855778 in the ib_logfiles!
2018-06-23 15:22:46 30320 [Note] InnoDB: Restoring possible half-written data pages from the doublewrite buffer...
2018-06-23 15:22:46 30320 [Note] InnoDB: 128 rollback segment(s) are active.
2018-06-23 15:22:46 30320 [Note] InnoDB: Waiting for purge to start
2018-06-23 15:22:46 30320 [Note] InnoDB:  Percona XtraDB (http://www.percona.com) 5.6.39-83.1 started; log sequence number 1855778
2018-06-23 15:22:46 28032 [Note] InnoDB: Dumping buffer pool(s) not yet started
2018-06-23 15:22:46 30320 [Note] Plugin 'FEEDBACK' is disabled.
2018-06-23 15:22:46 30320 [Note] Server socket created on IP: '::'.
2018-06-23 15:22:46 30320 [Note] C:\xampp\mysql\bin\mysqld.exe: ready for connections.
Version: '10.1.33-MariaDB'  socket: ''  port: 3306  mariadb.org binary distribution
2018-06-23 15:36:07 28480 [Note] C:\xampp\mysql\bin\mysqld.exe: Normal shutdown
2018-06-23 15:36:07 28480 [Note] Event Scheduler: Purging the queue. 0 events
2018-06-23 15:36:07 29580 [Note] InnoDB: FTS optimize thread exiting.
2018-06-23 15:36:07 28480 [Note] InnoDB: Starting shutdown...
2018-06-23 15:36:08 28480 [Note] InnoDB: Waiting for page_cleaner to finish flushing of buffer pool
2018-06-23 15:36:09 28480 [Note] InnoDB: Shutdown completed; log sequence number 1909131
2018-06-23 15:36:09 28480 [Note] C:\xampp\mysql\bin\mysqld.exe: Shutdown complete

2018-06-23 15:42:12 61b0 InnoDB: Warning: Using innodb_additional_mem_pool_size is DEPRECATED. This option may be removed in future releases, together with the option innodb_use_sys_malloc and with the InnoDB's internal memory allocator.
2018-06-23 15:42:12 25008 [Note] InnoDB: innodb_empty_free_list_algorithm has been changed to legacy because of small buffer pool size. In order to use backoff, increase buffer pool at least up to 20MB.

2018-06-23 15:42:12 25008 [Note] InnoDB: Using mutexes to ref count buffer pool pages
2018-06-23 15:42:12 25008 [Note] InnoDB: The InnoDB memory heap is disabled
2018-06-23 15:42:12 25008 [Note] InnoDB: Mutexes and rw_locks use Windows interlocked functions
2018-06-23 15:42:12 25008 [Note] InnoDB: _mm_lfence() and _mm_sfence() are used for memory barrier
2018-06-23 15:42:12 25008 [Note] InnoDB: Compressed tables use zlib 1.2.3
2018-06-23 15:42:12 25008 [Note] InnoDB: Using generic crc32 instructions
2018-06-23 15:42:12 25008 [Note] InnoDB: Initializing buffer pool, size = 16.0M
2018-06-23 15:42:12 25008 [Note] InnoDB: Completed initialization of buffer pool
2018-06-23 15:42:12 25008 [Note] InnoDB: Highest supported file format is Barracuda.
2018-06-23 15:42:12 25008 [Note] InnoDB: 128 rollback segment(s) are active.
2018-06-23 15:42:12 25008 [Note] InnoDB: Waiting for purge to start
2018-06-23 15:42:12 25008 [Note] InnoDB:  Percona XtraDB (http://www.percona.com) 5.6.39-83.1 started; log sequence number 1909131
2018-06-23 15:42:12 26776 [Note] InnoDB: Dumping buffer pool(s) not yet started
2018-06-23 15:42:12 25008 [Note] Plugin 'FEEDBACK' is disabled.
2018-06-23 15:42:12 25008 [Note] Server socket created on IP: '::'.
2018-06-23 15:42:12 25008 [Note] C:\xampp\mysql\bin\mysqld.exe: ready for connections.
Version: '10.1.33-MariaDB'  socket: ''  port: 3306  mariadb.org binary distribution
